<?xml version="1.0" encoding="UTF-8"?>
<!-- Generated by org.testng.reporters.JUnitReportReporter -->
<testsuite hostname="DESKTOP-V5SJ46P" failures="0" tests="1" name="org.testing.TestScripts.TC2" time="25.449" errors="0" timestamp="2 Aug 2023 13:20:45 GMT">
  <testcase classname="org.testing.TestScripts.TC2" name="LoginYouTube" time="25.449"/>
</testsuite> <!-- org.testing.TestScripts.TC2 -->
