<?xml version="1.0" encoding="UTF-8"?>
<!-- Generated by org.testng.reporters.JUnitReportReporter -->
<testsuite hostname="DESKTOP-V5SJ46P" failures="0" tests="1" name="org.testing.TestScripts.TC5" time="190.400" errors="0" timestamp="2 Aug 2023 22:08:36 GMT">
  <testcase classname="org.testing.TestScripts.TC5" name="youTubePlay" time="190.400"/>
</testsuite> <!-- org.testing.TestScripts.TC5 -->
