<?xml version="1.0" encoding="UTF-8"?>
<!-- Generated by org.testng.reporters.JUnitReportReporter -->
<testsuite hostname="DESKTOP-V5SJ46P" failures="0" tests="1" name="org.testing.TestScripts.TC1" time="50.341" errors="0" timestamp="14 Aug 2023 14:03:44 GMT">
  <testcase classname="org.testing.TestScripts.TC1" name="Login" time="50.341"/>
</testsuite> <!-- org.testing.TestScripts.TC1 -->
