<?xml version="1.0" encoding="UTF-8"?>
<!-- Generated by org.testng.reporters.JUnitReportReporter -->
<testsuite hostname="DESKTOP-V5SJ46P" failures="0" tests="1" name="org.testing.TestScripts.TC3" time="21.776" errors="0" timestamp="2 Aug 2023 22:00:28 GMT">
  <testcase classname="org.testing.TestScripts.TC3" name="Subscription" time="21.776"/>
</testsuite> <!-- org.testing.TestScripts.TC3 -->
