<?xml version="1.0" encoding="UTF-8"?>
<!-- Generated by org.testng.reporters.JUnitReportReporter -->
<testsuite hostname="DESKTOP-V5SJ46P" failures="0" tests="1" name="org.testing.TestScripts.TC4" time="5.839" errors="0" timestamp="1 Aug 2023 23:26:48 GMT">
  <testcase classname="org.testing.TestScripts.TC4" name="Launch_LoginAPP" time="5.839"/>
</testsuite> <!-- org.testing.TestScripts.TC4 -->
